  [1m[36m (182.3ms)[0m  [1mCREATE TABLE "schema_migrations" ("version" varchar NOT NULL) [0m
  [1m[35m (0.4ms)[0m  select sqlite_version(*)
  [1m[36m (163.8ms)[0m  [1mCREATE UNIQUE INDEX "unique_schema_migrations" ON "schema_migrations" ("version")[0m
  [1m[35mActiveRecord::SchemaMigration Load (0.4ms)[0m  SELECT "schema_migrations".* FROM "schema_migrations"
Migrating to CreateUsers (20150905183358)
  [1m[36m (0.2ms)[0m  [1mbegin transaction[0m
  [1m[35m (0.7ms)[0m  CREATE TABLE "users" ("id" INTEGER PRIMARY KEY AUTOINCREMENT NOT NULL, "name" varchar, "email" varchar, "created_at" datetime NOT NULL, "updated_at" datetime NOT NULL) 
  [1m[36mSQL (0.5ms)[0m  [1mINSERT INTO "schema_migrations" ("version") VALUES (?)[0m  [["version", "20150905183358"]]
  [1m[35m (186.3ms)[0m  commit transaction
  [1m[36mActiveRecord::SchemaMigration Load (0.2ms)[0m  [1mSELECT "schema_migrations".* FROM "schema_migrations"[0m


Started GET "/" for 127.0.0.1 at 2015-09-05 14:35:41 -0400
  [1m[36mActiveRecord::SchemaMigration Load (0.5ms)[0m  [1mSELECT "schema_migrations".* FROM "schema_migrations"[0m
Processing by ApplicationController#hello as HTML
  Rendered text template (0.1ms)
Completed 200 OK in 32ms (Views: 12.0ms | ActiveRecord: 0.0ms)


Started GET "/users" for 127.0.0.1 at 2015-09-05 14:37:01 -0400
Processing by UsersController#index as HTML
  [1m[35mUser Load (0.5ms)[0m  SELECT "users".* FROM "users"
  Rendered users/index.html.erb within layouts/application (10.4ms)
Completed 200 OK in 2372ms (Views: 2364.7ms | ActiveRecord: 0.8ms)


Started GET "/assets/scaffolds.self-85c2cc5ddbde495049bfc649780a28d51e9346530b3687e4b0c69201cb4b8235.css?body=1" for 127.0.0.1 at 2015-09-05 14:37:03 -0400


Started GET "/assets/jquery_ujs.self-8e98a7a072a6cee1372d19fff9ff3e6aa1e39a37d89d6f06861637d061113ee7.js?body=1" for 127.0.0.1 at 2015-09-05 14:37:03 -0400


Started GET "/assets/users.self-e3b0c44298fc1c149afbf4c8996fb92427ae41e4649b934ca495991b7852b855.css?body=1" for 127.0.0.1 at 2015-09-05 14:37:03 -0400


Started GET "/assets/jquery.self-d03a5518f45df77341bdbe6201ba3bfa547ebba8ed64f0ea56bfa5f96ea7c074.js?body=1" for 127.0.0.1 at 2015-09-05 14:37:04 -0400


Started GET "/assets/turbolinks.self-680e388bf7f759d85e2dbe0044d33f55e12b26da721317111c01ec92e53df55e.js?body=1" for 127.0.0.1 at 2015-09-05 14:37:04 -0400


Started GET "/assets/users.self-877aef30ae1b040ab8a3aba4e3e309a11d7f2612f44dde450b5c157aa5f95c05.js?body=1" for 127.0.0.1 at 2015-09-05 14:37:04 -0400


Started GET "/users/new" for 127.0.0.1 at 2015-09-05 14:37:15 -0400
Processing by UsersController#new as HTML
  Rendered users/_form.html.erb (48.0ms)
  Rendered users/new.html.erb within layouts/application (58.6ms)
Completed 200 OK in 278ms (Views: 257.5ms | ActiveRecord: 1.2ms)


Started GET "/users" for 127.0.0.1 at 2015-09-05 14:37:27 -0400
Processing by UsersController#index as HTML
  [1m[36mUser Load (0.5ms)[0m  [1mSELECT "users".* FROM "users"[0m
  Rendered users/index.html.erb within layouts/application (2.4ms)
Completed 200 OK in 158ms (Views: 154.6ms | ActiveRecord: 0.5ms)


Started GET "/users/new" for 127.0.0.1 at 2015-09-05 14:37:54 -0400
Processing by UsersController#new as HTML
  Rendered users/_form.html.erb (11.1ms)
  Rendered users/new.html.erb within layouts/application (15.0ms)
Completed 200 OK in 220ms (Views: 218.5ms | ActiveRecord: 0.0ms)


Started POST "/users" for 127.0.0.1 at 2015-09-05 14:38:04 -0400
Processing by UsersController#create as HTML
  Parameters: {"utf8"=>"✓", "authenticity_token"=>"TxRA/n5LzXlmRIQS9h5uP802EVLNWd2VAMC9QMzh7JFEe+rvNnFMwK+nLmxbvfyyAQyX24ccis7H8G21soDOaw==", "user"=>{"name"=>"Kevin Weir", "email"=>"kevin@kbweir.com"}, "commit"=>"Create User"}
  [1m[35m (0.3ms)[0m  begin transaction
  [1m[36mSQL (1.0ms)[0m  [1mINSERT INTO "users" ("name", "email", "created_at", "updated_at") VALUES (?, ?, ?, ?)[0m  [["name", "Kevin Weir"], ["email", "kevin@kbweir.com"], ["created_at", "2015-09-05 18:38:04.248428"], ["updated_at", "2015-09-05 18:38:04.248428"]]
  [1m[35m (299.5ms)[0m  commit transaction
Redirected to http://localhost:3000/users/1
Completed 302 Found in 319ms (ActiveRecord: 300.8ms)


Started GET "/users/1" for 127.0.0.1 at 2015-09-05 14:38:04 -0400
Processing by UsersController#show as HTML
  Parameters: {"id"=>"1"}
  [1m[36mUser Load (0.5ms)[0m  [1mSELECT  "users".* FROM "users" WHERE "users"."id" = ? LIMIT 1[0m  [["id", 1]]
  Rendered users/show.html.erb within layouts/application (2.6ms)
Completed 200 OK in 128ms (Views: 112.1ms | ActiveRecord: 0.5ms)


Started GET "/users/1/edit" for 127.0.0.1 at 2015-09-05 14:38:39 -0400
Processing by UsersController#edit as HTML
  Parameters: {"id"=>"1"}
  [1m[35mUser Load (0.3ms)[0m  SELECT  "users".* FROM "users" WHERE "users"."id" = ? LIMIT 1  [["id", 1]]
  Rendered users/_form.html.erb (5.3ms)
  Rendered users/edit.html.erb within layouts/application (9.7ms)
Completed 200 OK in 140ms (Views: 137.4ms | ActiveRecord: 0.3ms)


Started PATCH "/users/1" for 127.0.0.1 at 2015-09-05 14:38:48 -0400
Processing by UsersController#update as HTML
  Parameters: {"utf8"=>"✓", "authenticity_token"=>"F9lBj/l+7aLbXbW2NfaYSPS4icRGyUGJB/fj0kivsCIctuuesURsGxK+H8iYVQrFOIIPTQyMFtLAxzMnNs6S2A==", "user"=>{"name"=>"Kevin Weir", "email"=>"idcrisis2@hotmail.com"}, "commit"=>"Update User", "id"=>"1"}
  [1m[36mUser Load (0.3ms)[0m  [1mSELECT  "users".* FROM "users" WHERE "users"."id" = ? LIMIT 1[0m  [["id", 1]]
  [1m[35m (0.2ms)[0m  begin transaction
  [1m[36mSQL (1.1ms)[0m  [1mUPDATE "users" SET "email" = ?, "updated_at" = ? WHERE "users"."id" = ?[0m  [["email", "idcrisis2@hotmail.com"], ["updated_at", "2015-09-05 18:38:48.684993"], ["id", 1]]
  [1m[35m (281.3ms)[0m  commit transaction
Redirected to http://localhost:3000/users/1
Completed 302 Found in 297ms (ActiveRecord: 282.9ms)


Started GET "/users/1" for 127.0.0.1 at 2015-09-05 14:38:49 -0400
Processing by UsersController#show as HTML
  Parameters: {"id"=>"1"}
  [1m[36mUser Load (0.3ms)[0m  [1mSELECT  "users".* FROM "users" WHERE "users"."id" = ? LIMIT 1[0m  [["id", 1]]
  Rendered users/show.html.erb within layouts/application (1.0ms)
Completed 200 OK in 118ms (Views: 115.1ms | ActiveRecord: 0.3ms)


Started GET "/users/1/edit" for 127.0.0.1 at 2015-09-05 14:38:51 -0400
Processing by UsersController#edit as HTML
  Parameters: {"id"=>"1"}
  [1m[35mUser Load (0.2ms)[0m  SELECT  "users".* FROM "users" WHERE "users"."id" = ? LIMIT 1  [["id", 1]]
  Rendered users/_form.html.erb (7.7ms)
  Rendered users/edit.html.erb within layouts/application (10.8ms)
Completed 200 OK in 109ms (Views: 107.2ms | ActiveRecord: 0.2ms)


Started PATCH "/users/1" for 127.0.0.1 at 2015-09-05 14:38:57 -0400
Processing by UsersController#update as HTML
  Parameters: {"utf8"=>"✓", "authenticity_token"=>"gikEaKY9IJgor0AXfcKvBWTXwYBpi4bfkP6Zpysb5RSJRq557gehIeFM6mnQYT2IqO1HCSPO0YRXzklSVXrH7g==", "user"=>{"name"=>"Kevin Weir", "email"=>"kevin@kbweir.com"}, "commit"=>"Update User", "id"=>"1"}
  [1m[36mUser Load (0.3ms)[0m  [1mSELECT  "users".* FROM "users" WHERE "users"."id" = ? LIMIT 1[0m  [["id", 1]]
  [1m[35m (0.1ms)[0m  begin transaction
  [1m[36mSQL (0.5ms)[0m  [1mUPDATE "users" SET "email" = ?, "updated_at" = ? WHERE "users"."id" = ?[0m  [["email", "kevin@kbweir.com"], ["updated_at", "2015-09-05 18:38:57.139843"], ["id", 1]]
  [1m[35m (303.6ms)[0m  commit transaction
Redirected to http://localhost:3000/users/1
Completed 302 Found in 314ms (ActiveRecord: 304.5ms)


Started GET "/users/1" for 127.0.0.1 at 2015-09-05 14:38:57 -0400
Processing by UsersController#show as HTML
  Parameters: {"id"=>"1"}
  [1m[36mUser Load (0.3ms)[0m  [1mSELECT  "users".* FROM "users" WHERE "users"."id" = ? LIMIT 1[0m  [["id", 1]]
  Rendered users/show.html.erb within layouts/application (1.0ms)
Completed 200 OK in 94ms (Views: 91.9ms | ActiveRecord: 0.3ms)


Started GET "/users" for 127.0.0.1 at 2015-09-05 14:39:23 -0400
Processing by UsersController#index as HTML
  [1m[35mUser Load (0.4ms)[0m  SELECT "users".* FROM "users"
  Rendered users/index.html.erb within layouts/application (4.8ms)
Completed 200 OK in 120ms (Views: 118.6ms | ActiveRecord: 0.4ms)


Started GET "/users/new" for 127.0.0.1 at 2015-09-05 14:39:25 -0400
Processing by UsersController#new as HTML
  Rendered users/_form.html.erb (4.9ms)
  Rendered users/new.html.erb within layouts/application (7.9ms)
Completed 200 OK in 129ms (Views: 127.3ms | ActiveRecord: 0.0ms)


Started POST "/users" for 127.0.0.1 at 2015-09-05 14:39:37 -0400
Processing by UsersController#create as HTML
  Parameters: {"utf8"=>"✓", "authenticity_token"=>"mbfzhP2p/tLOnSbNhLaddfATxZOl7txKS0xXa/MlIBWS2FmVtZN/awd+jLMpFQ/4PClDGu+rixGMfIeejUQC7w==", "user"=>{"name"=>"Dana Weir", "email"=>"danalynn324@hotmail.com"}, "commit"=>"Create User"}
  [1m[36m (0.2ms)[0m  [1mbegin transaction[0m
  [1m[35mSQL (0.6ms)[0m  INSERT INTO "users" ("name", "email", "created_at", "updated_at") VALUES (?, ?, ?, ?)  [["name", "Dana Weir"], ["email", "danalynn324@hotmail.com"], ["created_at", "2015-09-05 18:39:37.739908"], ["updated_at", "2015-09-05 18:39:37.739908"]]
  [1m[36m (312.3ms)[0m  [1mcommit transaction[0m
Redirected to http://localhost:3000/users/2
Completed 302 Found in 324ms (ActiveRecord: 313.2ms)


Started GET "/users/2" for 127.0.0.1 at 2015-09-05 14:39:38 -0400
Processing by UsersController#show as HTML
  Parameters: {"id"=>"2"}
  [1m[35mUser Load (0.3ms)[0m  SELECT  "users".* FROM "users" WHERE "users"."id" = ? LIMIT 1  [["id", 2]]
  Rendered users/show.html.erb within layouts/application (1.0ms)
Completed 200 OK in 123ms (Views: 120.5ms | ActiveRecord: 0.3ms)


Started GET "/users" for 127.0.0.1 at 2015-09-05 14:39:40 -0400
Processing by UsersController#index as HTML
  [1m[36mUser Load (0.4ms)[0m  [1mSELECT "users".* FROM "users"[0m
  Rendered users/index.html.erb within layouts/application (3.3ms)
Completed 200 OK in 98ms (Views: 96.4ms | ActiveRecord: 0.4ms)


Started DELETE "/users/2" for 127.0.0.1 at 2015-09-05 14:40:12 -0400
Processing by UsersController#destroy as HTML
  Parameters: {"authenticity_token"=>"iwjehXPhFrAh3N3dCRfWKZdtnIRYLztc2q0y2E+4keCAZ3SUO9uXCeg/d6OktESkW1caDRJqbAcdneItMdmzGg==", "id"=>"2"}
  [1m[35mUser Load (0.4ms)[0m  SELECT  "users".* FROM "users" WHERE "users"."id" = ? LIMIT 1  [["id", 2]]
  [1m[36m (0.2ms)[0m  [1mbegin transaction[0m
  [1m[35mSQL (0.7ms)[0m  DELETE FROM "users" WHERE "users"."id" = ?  [["id", 2]]
  [1m[36m (173.0ms)[0m  [1mcommit transaction[0m
Redirected to http://localhost:3000/users
Completed 302 Found in 184ms (ActiveRecord: 174.3ms)


Started GET "/users" for 127.0.0.1 at 2015-09-05 14:40:12 -0400
Processing by UsersController#index as HTML
  [1m[35mUser Load (0.5ms)[0m  SELECT "users".* FROM "users"
  Rendered users/index.html.erb within layouts/application (2.9ms)
Completed 200 OK in 101ms (Views: 98.8ms | ActiveRecord: 0.5ms)


Started GET "/" for 127.0.0.1 at 2015-09-05 14:43:11 -0400
Processing by UsersController#index as HTML
  [1m[36mUser Load (0.6ms)[0m  [1mSELECT "users".* FROM "users"[0m
  Rendered users/index.html.erb within layouts/application (13.2ms)
Completed 200 OK in 109ms (Views: 103.6ms | ActiveRecord: 1.4ms)
  [1m[36mActiveRecord::SchemaMigration Load (0.2ms)[0m  [1mSELECT "schema_migrations".* FROM "schema_migrations"[0m
Migrating to CreateMicroposts (20150905185125)
  [1m[35m (0.2ms)[0m  begin transaction
  [1m[36m (0.6ms)[0m  [1mCREATE TABLE "microposts" ("id" INTEGER PRIMARY KEY AUTOINCREMENT NOT NULL, "content" text, "user_id" integer, "created_at" datetime NOT NULL, "updated_at" datetime NOT NULL) [0m
  [1m[35mSQL (0.6ms)[0m  INSERT INTO "schema_migrations" ("version") VALUES (?)  [["version", "20150905185125"]]
  [1m[36m (250.5ms)[0m  [1mcommit transaction[0m
  [1m[35mActiveRecord::SchemaMigration Load (0.1ms)[0m  SELECT "schema_migrations".* FROM "schema_migrations"


Started GET "/microposts/new" for 127.0.0.1 at 2015-09-05 14:53:07 -0400
  [1m[35mActiveRecord::SchemaMigration Load (0.3ms)[0m  SELECT "schema_migrations".* FROM "schema_migrations"
Processing by MicropostsController#new as HTML
  Rendered microposts/_form.html.erb (10.4ms)
  Rendered microposts/new.html.erb within layouts/application (14.3ms)
Completed 200 OK in 353ms (Views: 338.4ms | ActiveRecord: 0.9ms)


Started GET "/assets/microposts.self-e3b0c44298fc1c149afbf4c8996fb92427ae41e4649b934ca495991b7852b855.css?body=1" for 127.0.0.1 at 2015-09-05 14:53:08 -0400


Started GET "/assets/microposts.self-877aef30ae1b040ab8a3aba4e3e309a11d7f2612f44dde450b5c157aa5f95c05.js?body=1" for 127.0.0.1 at 2015-09-05 14:53:08 -0400


Started POST "/microposts" for 127.0.0.1 at 2015-09-05 14:53:33 -0400
Processing by MicropostsController#create as HTML
  Parameters: {"utf8"=>"✓", "authenticity_token"=>"zebzamAIAww+6RbikLwFoc98f4zhgt/OnsISzjJ80VbGiVl7KDKCtfcKvJw9H5csA0b5BavHiJVZ8sI7TB3zrA==", "micropost"=>{"content"=>"My first micropost!!!", "user_id"=>"1"}, "commit"=>"Create Micropost"}
  [1m[36m (0.3ms)[0m  [1mbegin transaction[0m
  [1m[35mSQL (0.8ms)[0m  INSERT INTO "microposts" ("content", "user_id", "created_at", "updated_at") VALUES (?, ?, ?, ?)  [["content", "My first micropost!!!"], ["user_id", 1], ["created_at", "2015-09-05 18:53:33.670690"], ["updated_at", "2015-09-05 18:53:33.670690"]]
  [1m[36m (207.0ms)[0m  [1mcommit transaction[0m
Redirected to http://localhost:3000/microposts/1
Completed 302 Found in 219ms (ActiveRecord: 208.1ms)


Started GET "/microposts/1" for 127.0.0.1 at 2015-09-05 14:53:33 -0400
Processing by MicropostsController#show as HTML
  Parameters: {"id"=>"1"}
  [1m[35mMicropost Load (0.5ms)[0m  SELECT  "microposts".* FROM "microposts" WHERE "microposts"."id" = ? LIMIT 1  [["id", 1]]
  Rendered microposts/show.html.erb within layouts/application (2.3ms)
Completed 200 OK in 127ms (Views: 123.0ms | ActiveRecord: 0.5ms)


Started GET "/microposts" for 127.0.0.1 at 2015-09-05 14:53:36 -0400
Processing by MicropostsController#index as HTML
  [1m[36mMicropost Load (0.4ms)[0m  [1mSELECT "microposts".* FROM "microposts"[0m
  Rendered microposts/index.html.erb within layouts/application (4.0ms)
Completed 200 OK in 134ms (Views: 132.1ms | ActiveRecord: 0.4ms)


Started GET "/microposts/new" for 127.0.0.1 at 2015-09-05 14:53:38 -0400
Processing by MicropostsController#new as HTML
  Rendered microposts/_form.html.erb (6.7ms)
  Rendered microposts/new.html.erb within layouts/application (11.2ms)
Completed 200 OK in 142ms (Views: 140.2ms | ActiveRecord: 0.0ms)


Started POST "/microposts" for 127.0.0.1 at 2015-09-05 14:53:47 -0400
Processing by MicropostsController#create as HTML
  Parameters: {"utf8"=>"✓", "authenticity_token"=>"HAw7Gj4ZQI/s0dYG3lIn01HfH+sKvZaHe2hG1OGDY0oXY5ELdiPBNiUyfHhz8bVeneWZYkD4wdy8WJYhn+JBsA==", "micropost"=>{"content"=>"Another Micropost!!!", "user_id"=>"1"}, "commit"=>"Create Micropost"}
  [1m[35m (0.2ms)[0m  begin transaction
  [1m[36mSQL (0.5ms)[0m  [1mINSERT INTO "microposts" ("content", "user_id", "created_at", "updated_at") VALUES (?, ?, ?, ?)[0m  [["content", "Another Micropost!!!"], ["user_id", 1], ["created_at", "2015-09-05 18:53:47.339553"], ["updated_at", "2015-09-05 18:53:47.339553"]]
  [1m[35m (172.8ms)[0m  commit transaction
Redirected to http://localhost:3000/microposts/2
Completed 302 Found in 182ms (ActiveRecord: 173.5ms)


Started GET "/microposts/2" for 127.0.0.1 at 2015-09-05 14:53:47 -0400
Processing by MicropostsController#show as HTML
  Parameters: {"id"=>"2"}
  [1m[36mMicropost Load (0.3ms)[0m  [1mSELECT  "microposts".* FROM "microposts" WHERE "microposts"."id" = ? LIMIT 1[0m  [["id", 2]]
  Rendered microposts/show.html.erb within layouts/application (0.8ms)
Completed 200 OK in 129ms (Views: 126.5ms | ActiveRecord: 0.3ms)


Started GET "/microposts" for 127.0.0.1 at 2015-09-05 14:53:50 -0400
Processing by MicropostsController#index as HTML
  [1m[35mMicropost Load (0.4ms)[0m  SELECT "microposts".* FROM "microposts"
  Rendered microposts/index.html.erb within layouts/application (3.6ms)
Completed 200 OK in 121ms (Views: 119.5ms | ActiveRecord: 0.4ms)


Started GET "/microposts/new" for 127.0.0.1 at 2015-09-05 14:55:10 -0400
Processing by MicropostsController#new as HTML
  Rendered microposts/_form.html.erb (5.5ms)
  Rendered microposts/new.html.erb within layouts/application (8.8ms)
Completed 200 OK in 157ms (Views: 140.0ms | ActiveRecord: 1.4ms)


Started POST "/microposts" for 127.0.0.1 at 2015-09-05 14:55:28 -0400
Processing by MicropostsController#create as HTML
  Parameters: {"utf8"=>"✓", "authenticity_token"=>"O+75ukSRGgaMNChpx5VDxevGisOGgf8u6VPypBUKj8kwgVOrDKubv0XXghdqNtFIJ/wMSszEqHUuYyJRa2utMw==", "micropost"=>{"content"=>"dddddddddddddddddddddddddddddddddddddddddddddddddddddddddddddddddddddddddddddddddddddddddddddddddddddddddddddddddddddddddddddddd  aaaaaaaaaaaaaaaaaaaaaadaaaaaaaaaaaaaaaaaaaaaaaaaaaaaaaaaaaaaaaaaaaaaaaaaaaaaaaaaaaaarrrrrrrrrrrrrrrrrrrrrrrrrrrrrrrrrrrrrr", "user_id"=>"1"}, "commit"=>"Create Micropost"}
  [1m[36m (0.2ms)[0m  [1mbegin transaction[0m
  [1m[35m (0.1ms)[0m  rollback transaction
  Rendered microposts/_form.html.erb (5.8ms)
  Rendered microposts/new.html.erb within layouts/application (8.1ms)
Completed 200 OK in 121ms (Views: 114.5ms | ActiveRecord: 0.3ms)
  [1m[36mUser Load (0.6ms)[0m  [1mSELECT  "users".* FROM "users"  ORDER BY "users"."id" ASC LIMIT 1[0m
  [1m[35mMicropost Load (0.5ms)[0m  SELECT "microposts".* FROM "microposts" WHERE "microposts"."user_id" = ?  [["user_id", 1]]


Started GET "/" for 127.0.0.1 at 2015-09-05 15:02:05 -0400
Processing by UsersController#index as HTML
  [1m[36mUser Load (0.8ms)[0m  [1mSELECT "users".* FROM "users"[0m
  Rendered users/index.html.erb within layouts/application (13.3ms)
Completed 200 OK in 179ms (Views: 164.9ms | ActiveRecord: 1.6ms)


Started GET "/microposts/new" for 127.0.0.1 at 2015-09-05 15:02:13 -0400
Processing by MicropostsController#new as HTML
  Rendered microposts/_form.html.erb (4.9ms)
  Rendered microposts/new.html.erb within layouts/application (7.2ms)
Completed 200 OK in 126ms (Views: 108.1ms | ActiveRecord: 0.6ms)


Started POST "/microposts" for 127.0.0.1 at 2015-09-05 15:02:49 -0400
Processing by MicropostsController#create as HTML
  Parameters: {"utf8"=>"✓", "authenticity_token"=>"QozmytD4bxenXUkpwwmS7uCcIL7vphEyUm4k7CCJOBNJ40zbmMLurm6+41duqgBjLKamN6XjRmmVXvQZXuga6Q==", "micropost"=>{"content"=>"", "user_id"=>""}, "commit"=>"Create Micropost"}
  [1m[35m (0.2ms)[0m  begin transaction
  [1m[36m (0.2ms)[0m  [1mrollback transaction[0m
  Rendered microposts/_form.html.erb (5.6ms)
  Rendered microposts/new.html.erb within layouts/application (7.7ms)
Completed 200 OK in 129ms (Views: 108.4ms | ActiveRecord: 1.5ms)


Started GET "/" for 127.0.0.1 at 2015-09-05 15:04:02 -0400
Processing by UsersController#index as HTML
  [1m[35mUser Load (0.8ms)[0m  SELECT "users".* FROM "users"
  Rendered users/index.html.erb within layouts/application (13.9ms)
Completed 200 OK in 146ms (Views: 136.3ms | ActiveRecord: 1.9ms)


Started GET "/users/new" for 127.0.0.1 at 2015-09-05 15:04:04 -0400
Processing by UsersController#new as HTML
  Rendered users/_form.html.erb (4.1ms)
  Rendered users/new.html.erb within layouts/application (7.0ms)
Completed 200 OK in 136ms (Views: 134.3ms | ActiveRecord: 0.0ms)


Started POST "/users" for 127.0.0.1 at 2015-09-05 15:04:06 -0400
Processing by UsersController#create as HTML
  Parameters: {"utf8"=>"✓", "authenticity_token"=>"lL4KPPr6G32wLbr8wy9qDKIAQ0s/UHBZuCclDw9uKUif0aAtssCaxHnOEIJujPiBbjrFwnUVJwJ/F/X6cQ8Lsg==", "user"=>{"name"=>"", "email"=>""}, "commit"=>"Create User"}
  [1m[36m (0.3ms)[0m  [1mbegin transaction[0m
  [1m[35m (0.2ms)[0m  rollback transaction
  Rendered users/_form.html.erb (7.4ms)
  Rendered users/new.html.erb within layouts/application (9.5ms)
Completed 200 OK in 132ms (Views: 119.4ms | ActiveRecord: 0.5ms)
